<?xml version="1.0" encoding="UTF-8"?>
<testsuites name="LIF3 Financial Dashboard Tests" tests="51" failures="4" errors="0" time="57.193">
  <testsuite name="Financial Calculations - LIF3 Dashboard" errors="0" failures="3" skipped="0" timestamp="2025-07-10T10:46:38" time="49.596" tests="26">
    <testcase classname="Financial Calculations - LIF3 Dashboard Net Worth Calculations Net worth calculation accuracy with exact LIF3 values" name="Financial Calculations - LIF3 Dashboard Net Worth Calculations Net worth calculation accuracy with exact LIF3 values" time="0.027">
    </testcase>
    <testcase classname="Financial Calculations - LIF3 Dashboard Net Worth Calculations Net worth calculation with zero values" name="Financial Calculations - LIF3 Dashboard Net Worth Calculations Net worth calculation with zero values" time="0.001">
    </testcase>
    <testcase classname="Financial Calculations - LIF3 Dashboard Net Worth Calculations Net worth calculation with large ZAR amounts" name="Financial Calculations - LIF3 Dashboard Net Worth Calculations Net worth calculation with large ZAR amounts" time="0.001">
    </testcase>
    <testcase classname="Financial Calculations - LIF3 Dashboard Net Worth Calculations Net worth calculation precision with decimals" name="Financial Calculations - LIF3 Dashboard Net Worth Calculations Net worth calculation precision with decimals" time="0">
    </testcase>
    <testcase classname="Financial Calculations - LIF3 Dashboard Goal Progress Calculations Goal progress calculation (R1.8M target) - Current LIF3 status" name="Financial Calculations - LIF3 Dashboard Goal Progress Calculations Goal progress calculation (R1.8M target) - Current LIF3 status" time="0.001">
    </testcase>
    <testcase classname="Financial Calculations - LIF3 Dashboard Goal Progress Calculations Goal progress at 0% (starting point)" name="Financial Calculations - LIF3 Dashboard Goal Progress Calculations Goal progress at 0% (starting point)" time="0.001">
    </testcase>
    <testcase classname="Financial Calculations - LIF3 Dashboard Goal Progress Calculations Goal progress at 100% (target achieved)" name="Financial Calculations - LIF3 Dashboard Goal Progress Calculations Goal progress at 100% (target achieved)" time="0.001">
    </testcase>
    <testcase classname="Financial Calculations - LIF3 Dashboard Goal Progress Calculations Goal progress at 50% milestone" name="Financial Calculations - LIF3 Dashboard Goal Progress Calculations Goal progress at 50% milestone" time="0">
    </testcase>
    <testcase classname="Financial Calculations - LIF3 Dashboard Goal Progress Calculations Goal progress beyond 100% (over-achievement)" name="Financial Calculations - LIF3 Dashboard Goal Progress Calculations Goal progress beyond 100% (over-achievement)" time="0.001">
    </testcase>
    <testcase classname="Financial Calculations - LIF3 Dashboard 43V3R Business Revenue Calculations 43V3R daily revenue tracking - starting point" name="Financial Calculations - LIF3 Dashboard 43V3R Business Revenue Calculations 43V3R daily revenue tracking - starting point" time="0.001">
    </testcase>
    <testcase classname="Financial Calculations - LIF3 Dashboard 43V3R Business Revenue Calculations 43V3R daily revenue - partial progress" name="Financial Calculations - LIF3 Dashboard 43V3R Business Revenue Calculations 43V3R daily revenue - partial progress" time="0">
    </testcase>
    <testcase classname="Financial Calculations - LIF3 Dashboard 43V3R Business Revenue Calculations 43V3R daily revenue - target achieved" name="Financial Calculations - LIF3 Dashboard 43V3R Business Revenue Calculations 43V3R daily revenue - target achieved" time="0.001">
    </testcase>
    <testcase classname="Financial Calculations - LIF3 Dashboard 43V3R Business Revenue Calculations 43V3R daily revenue - exceeding target" name="Financial Calculations - LIF3 Dashboard 43V3R Business Revenue Calculations 43V3R daily revenue - exceeding target" time="0.002">
    </testcase>
    <testcase classname="Financial Calculations - LIF3 Dashboard MRR (Monthly Recurring Revenue) Calculations MRR calculation for 43V3R target achievement" name="Financial Calculations - LIF3 Dashboard MRR (Monthly Recurring Revenue) Calculations MRR calculation for 43V3R target achievement" time="0.009">
      <failure>Error: expect(received).toBeCloseTo(expected, precision)

Expected: 147917
Received: 148041

Expected precision:    0
Expected difference: &lt; 0.5
Received difference:   124
    at Object.&lt;anonymous&gt; (/Users/ccladysmith/Desktop/dev/l1f3/backend/test/financial/financial-calculations.test.ts:152:29)
    at Promise.then.completed (/Users/ccladysmith/Desktop/dev/l1f3/node_modules/jest-circus/build/utils.js:298:28)
    at new Promise (&lt;anonymous&gt;)
    at callAsyncCircusFn (/Users/ccladysmith/Desktop/dev/l1f3/node_modules/jest-circus/build/utils.js:231:10)
    at _callCircusTest (/Users/ccladysmith/Desktop/dev/l1f3/node_modules/jest-circus/build/run.js:316:40)
    at processTicksAndRejections (node:internal/process/task_queues:105:5)
    at _runTest (/Users/ccladysmith/Desktop/dev/l1f3/node_modules/jest-circus/build/run.js:252:3)
    at _runTestsForDescribeBlock (/Users/ccladysmith/Desktop/dev/l1f3/node_modules/jest-circus/build/run.js:126:9)
    at _runTestsForDescribeBlock (/Users/ccladysmith/Desktop/dev/l1f3/node_modules/jest-circus/build/run.js:121:9)
    at _runTestsForDescribeBlock (/Users/ccladysmith/Desktop/dev/l1f3/node_modules/jest-circus/build/run.js:121:9)
    at run (/Users/ccladysmith/Desktop/dev/l1f3/node_modules/jest-circus/build/run.js:71:3)
    at runAndTransformResultsToJestFormat (/Users/ccladysmith/Desktop/dev/l1f3/node_modules/jest-circus/build/legacy-code-todo-rewrite/jestAdapterInit.js:122:21)
    at jestAdapter (/Users/ccladysmith/Desktop/dev/l1f3/node_modules/jest-circus/build/legacy-code-todo-rewrite/jestAdapter.js:79:19)
    at runTestInternal (/Users/ccladysmith/Desktop/dev/l1f3/node_modules/jest-runner/build/runTest.js:367:16)
    at runTest (/Users/ccladysmith/Desktop/dev/l1f3/node_modules/jest-runner/build/runTest.js:444:34)
    at Object.worker (/Users/ccladysmith/Desktop/dev/l1f3/node_modules/jest-runner/build/testWorker.js:106:12)</failure>
    </testcase>
    <testcase classname="Financial Calculations - LIF3 Dashboard MRR (Monthly Recurring Revenue) Calculations MRR calculation from zero daily revenue" name="Financial Calculations - LIF3 Dashboard MRR (Monthly Recurring Revenue) Calculations MRR calculation from zero daily revenue" time="0.003">
    </testcase>
    <testcase classname="Financial Calculations - LIF3 Dashboard MRR (Monthly Recurring Revenue) Calculations MRR calculation from partial daily revenue" name="Financial Calculations - LIF3 Dashboard MRR (Monthly Recurring Revenue) Calculations MRR calculation from partial daily revenue" time="0.002">
    </testcase>
    <testcase classname="Financial Calculations - LIF3 Dashboard MRR (Monthly Recurring Revenue) Calculations MRR calculation precision" name="Financial Calculations - LIF3 Dashboard MRR (Monthly Recurring Revenue) Calculations MRR calculation precision" time="0.001">
    </testcase>
    <testcase classname="Financial Calculations - LIF3 Dashboard ZAR Currency Validation Valid ZAR amounts" name="Financial Calculations - LIF3 Dashboard ZAR Currency Validation Valid ZAR amounts" time="0.007">
    </testcase>
    <testcase classname="Financial Calculations - LIF3 Dashboard ZAR Currency Validation Invalid ZAR amounts" name="Financial Calculations - LIF3 Dashboard ZAR Currency Validation Invalid ZAR amounts" time="0.006">
    </testcase>
    <testcase classname="Financial Calculations - LIF3 Dashboard ZAR Currency Validation ZAR formatting" name="Financial Calculations - LIF3 Dashboard ZAR Currency Validation ZAR formatting" time="0.013">
      <failure>Error: expect(received).toBe(expected) // Object.is equality

Expected: &quot;R239,625.00&quot;
Received: &quot;R239 625,00&quot;
    at Object.&lt;anonymous&gt; (/Users/ccladysmith/Desktop/dev/l1f3/backend/test/financial/financial-calculations.test.ts:198:52)
    at Promise.then.completed (/Users/ccladysmith/Desktop/dev/l1f3/node_modules/jest-circus/build/utils.js:298:28)
    at new Promise (&lt;anonymous&gt;)
    at callAsyncCircusFn (/Users/ccladysmith/Desktop/dev/l1f3/node_modules/jest-circus/build/utils.js:231:10)
    at _callCircusTest (/Users/ccladysmith/Desktop/dev/l1f3/node_modules/jest-circus/build/run.js:316:40)
    at processTicksAndRejections (node:internal/process/task_queues:105:5)
    at _runTest (/Users/ccladysmith/Desktop/dev/l1f3/node_modules/jest-circus/build/run.js:252:3)
    at _runTestsForDescribeBlock (/Users/ccladysmith/Desktop/dev/l1f3/node_modules/jest-circus/build/run.js:126:9)
    at _runTestsForDescribeBlock (/Users/ccladysmith/Desktop/dev/l1f3/node_modules/jest-circus/build/run.js:121:9)
    at _runTestsForDescribeBlock (/Users/ccladysmith/Desktop/dev/l1f3/node_modules/jest-circus/build/run.js:121:9)
    at run (/Users/ccladysmith/Desktop/dev/l1f3/node_modules/jest-circus/build/run.js:71:3)
    at runAndTransformResultsToJestFormat (/Users/ccladysmith/Desktop/dev/l1f3/node_modules/jest-circus/build/legacy-code-todo-rewrite/jestAdapterInit.js:122:21)
    at jestAdapter (/Users/ccladysmith/Desktop/dev/l1f3/node_modules/jest-circus/build/legacy-code-todo-rewrite/jestAdapter.js:79:19)
    at runTestInternal (/Users/ccladysmith/Desktop/dev/l1f3/node_modules/jest-runner/build/runTest.js:367:16)
    at runTest (/Users/ccladysmith/Desktop/dev/l1f3/node_modules/jest-runner/build/runTest.js:444:34)
    at Object.worker (/Users/ccladysmith/Desktop/dev/l1f3/node_modules/jest-runner/build/testWorker.js:106:12)</failure>
    </testcase>
    <testcase classname="Financial Calculations - LIF3 Dashboard Financial Milestones Identify net worth milestones" name="Financial Calculations - LIF3 Dashboard Financial Milestones Identify net worth milestones" time="0.004">
    </testcase>
    <testcase classname="Financial Calculations - LIF3 Dashboard Financial Milestones Calculate time to reach R1.8M target" name="Financial Calculations - LIF3 Dashboard Financial Milestones Calculate time to reach R1.8M target" time="0.004">
    </testcase>
    <testcase classname="Financial Calculations - LIF3 Dashboard Savings Rate Calculations Calculate savings rate from financial data" name="Financial Calculations - LIF3 Dashboard Savings Rate Calculations Calculate savings rate from financial data" time="0.005">
    </testcase>
    <testcase classname="Financial Calculations - LIF3 Dashboard Savings Rate Calculations Optimal savings rate for R1.8M goal" name="Financial Calculations - LIF3 Dashboard Savings Rate Calculations Optimal savings rate for R1.8M goal" time="0.003">
    </testcase>
    <testcase classname="Financial Calculations - LIF3 Dashboard Investment Growth Projections Project investment growth at 8% annual return" name="Financial Calculations - LIF3 Dashboard Investment Growth Projections Project investment growth at 8% annual return" time="0.002">
      <failure>Error: expect(received).toBeCloseTo(expected, precision)

Expected: 208699
Received: 208644.58690560007

Expected precision:    0
Expected difference: &lt; 0.5
Received difference:   54.41309439993347
    at Object.&lt;anonymous&gt; (/Users/ccladysmith/Desktop/dev/l1f3/backend/test/financial/financial-calculations.test.ts:259:27)
    at Promise.then.completed (/Users/ccladysmith/Desktop/dev/l1f3/node_modules/jest-circus/build/utils.js:298:28)
    at new Promise (&lt;anonymous&gt;)
    at callAsyncCircusFn (/Users/ccladysmith/Desktop/dev/l1f3/node_modules/jest-circus/build/utils.js:231:10)
    at _callCircusTest (/Users/ccladysmith/Desktop/dev/l1f3/node_modules/jest-circus/build/run.js:316:40)
    at processTicksAndRejections (node:internal/process/task_queues:105:5)
    at _runTest (/Users/ccladysmith/Desktop/dev/l1f3/node_modules/jest-circus/build/run.js:252:3)
    at _runTestsForDescribeBlock (/Users/ccladysmith/Desktop/dev/l1f3/node_modules/jest-circus/build/run.js:126:9)
    at _runTestsForDescribeBlock (/Users/ccladysmith/Desktop/dev/l1f3/node_modules/jest-circus/build/run.js:121:9)
    at _runTestsForDescribeBlock (/Users/ccladysmith/Desktop/dev/l1f3/node_modules/jest-circus/build/run.js:121:9)
    at run (/Users/ccladysmith/Desktop/dev/l1f3/node_modules/jest-circus/build/run.js:71:3)
    at runAndTransformResultsToJestFormat (/Users/ccladysmith/Desktop/dev/l1f3/node_modules/jest-circus/build/legacy-code-todo-rewrite/jestAdapterInit.js:122:21)
    at jestAdapter (/Users/ccladysmith/Desktop/dev/l1f3/node_modules/jest-circus/build/legacy-code-todo-rewrite/jestAdapter.js:79:19)
    at runTestInternal (/Users/ccladysmith/Desktop/dev/l1f3/node_modules/jest-runner/build/runTest.js:367:16)
    at runTest (/Users/ccladysmith/Desktop/dev/l1f3/node_modules/jest-runner/build/runTest.js:444:34)
    at Object.worker (/Users/ccladysmith/Desktop/dev/l1f3/node_modules/jest-runner/build/testWorker.js:106:12)</failure>
    </testcase>
    <testcase classname="Financial Calculations - LIF3 Dashboard Investment Growth Projections Monthly investment contribution impact" name="Financial Calculations - LIF3 Dashboard Investment Growth Projections Monthly investment contribution impact" time="0.003">
    </testcase>
  </testsuite>
  <testsuite name="Logging System Validation - LIF3 Dashboard" errors="0" failures="1" skipped="0" timestamp="2025-07-10T10:46:38" time="52.691" tests="25">
    <testcase classname="Logging System Validation - LIF3 Dashboard Financial Audit Logging Log financial transaction with ZAR currency" name="Logging System Validation - LIF3 Dashboard Financial Audit Logging Log financial transaction with ZAR currency" time="0.035">
    </testcase>
    <testcase classname="Logging System Validation - LIF3 Dashboard Financial Audit Logging Log account balance update with before/after values" name="Logging System Validation - LIF3 Dashboard Financial Audit Logging Log account balance update with before/after values" time="0.003">
    </testcase>
    <testcase classname="Logging System Validation - LIF3 Dashboard Financial Audit Logging Log goal progress update toward R1.8M target" name="Logging System Validation - LIF3 Dashboard Financial Audit Logging Log goal progress update toward R1.8M target" time="0.002">
    </testcase>
    <testcase classname="Logging System Validation - LIF3 Dashboard Financial Audit Logging Log net worth update with calculation details" name="Logging System Validation - LIF3 Dashboard Financial Audit Logging Log net worth update with calculation details" time="0.002">
    </testcase>
    <testcase classname="Logging System Validation - LIF3 Dashboard Security Event Logging Log successful login attempt" name="Logging System Validation - LIF3 Dashboard Security Event Logging Log successful login attempt" time="0.006">
    </testcase>
    <testcase classname="Logging System Validation - LIF3 Dashboard Security Event Logging Log failed login attempt with risk assessment" name="Logging System Validation - LIF3 Dashboard Security Event Logging Log failed login attempt with risk assessment" time="0.003">
    </testcase>
    <testcase classname="Logging System Validation - LIF3 Dashboard Security Event Logging Log account lockout event" name="Logging System Validation - LIF3 Dashboard Security Event Logging Log account lockout event" time="0.001">
    </testcase>
    <testcase classname="Logging System Validation - LIF3 Dashboard Security Event Logging Log MFA enable/disable events" name="Logging System Validation - LIF3 Dashboard Security Event Logging Log MFA enable/disable events" time="0.001">
    </testcase>
    <testcase classname="Logging System Validation - LIF3 Dashboard Business Metrics Logging (43V3R) Log 43V3R daily revenue with target progress" name="Logging System Validation - LIF3 Dashboard Business Metrics Logging (43V3R) Log 43V3R daily revenue with target progress" time="0.596">
    </testcase>
    <testcase classname="Logging System Validation - LIF3 Dashboard Business Metrics Logging (43V3R) Log daily revenue target achievement tracking" name="Logging System Validation - LIF3 Dashboard Business Metrics Logging (43V3R) Log daily revenue target achievement tracking" time="0.001">
    </testcase>
    <testcase classname="Logging System Validation - LIF3 Dashboard Business Metrics Logging (43V3R) Log MRR progress for 43V3R" name="Logging System Validation - LIF3 Dashboard Business Metrics Logging (43V3R) Log MRR progress for 43V3R" time="0.004">
    </testcase>
    <testcase classname="Logging System Validation - LIF3 Dashboard Business Metrics Logging (43V3R) Log business metric with comprehensive metadata" name="Logging System Validation - LIF3 Dashboard Business Metrics Logging (43V3R) Log business metric with comprehensive metadata" time="0.002">
    </testcase>
    <testcase classname="Logging System Validation - LIF3 Dashboard Integration Logging Log Google Drive sync operation" name="Logging System Validation - LIF3 Dashboard Integration Logging Log Google Drive sync operation" time="0.004">
    </testcase>
    <testcase classname="Logging System Validation - LIF3 Dashboard Integration Logging Log Discord bot command execution" name="Logging System Validation - LIF3 Dashboard Integration Logging Log Discord bot command execution" time="0.002">
    </testcase>
    <testcase classname="Logging System Validation - LIF3 Dashboard Integration Logging Log Claude AI analysis request" name="Logging System Validation - LIF3 Dashboard Integration Logging Log Claude AI analysis request" time="0.003">
    </testcase>
    <testcase classname="Logging System Validation - LIF3 Dashboard Integration Logging Log integration failure with error details" name="Logging System Validation - LIF3 Dashboard Integration Logging Log integration failure with error details" time="0.002">
    </testcase>
    <testcase classname="Logging System Validation - LIF3 Dashboard Performance Metrics Logging Log API response time performance" name="Logging System Validation - LIF3 Dashboard Performance Metrics Logging Log API response time performance" time="0.002">
    </testcase>
    <testcase classname="Logging System Validation - LIF3 Dashboard Performance Metrics Logging Log slow operation warning" name="Logging System Validation - LIF3 Dashboard Performance Metrics Logging Log slow operation warning" time="0">
    </testcase>
    <testcase classname="Logging System Validation - LIF3 Dashboard Performance Metrics Logging Log WebSocket connection metrics" name="Logging System Validation - LIF3 Dashboard Performance Metrics Logging Log WebSocket connection metrics" time="0.014">
      <failure>Error: expect(jest.fn()).toHaveBeenCalledWith(...expected)

- Expected
+ Received

  &quot;WEBSOCKET_EVENT&quot;,
  Object {
-   &quot;data&quot;: ObjectContaining {
+   &quot;data&quot;: Object {
      &quot;clientId&quot;: &quot;ws_client_123&quot;,
      &quot;connectionTime&quot;: 250,
+     &quot;userId&quot;: &quot;ethan_barnes&quot;,
    },
    &quot;event&quot;: &quot;CONNECTION_ESTABLISHED&quot;,
-   &quot;timestamp&quot;: Any&lt;Date&gt;,
+   &quot;timestamp&quot;: 2025-07-10T10:47:31.456Z,
    &quot;type&quot;: &quot;WEBSOCKET_EVENT&quot;,
-   &quot;userId&quot;: &quot;ethan_barnes&quot;,
+   &quot;userId&quot;: undefined,
  },

Number of calls: 1
    at Object.&lt;anonymous&gt; (/Users/ccladysmith/Desktop/dev/l1f3/backend/test/logging/logging-system.test.ts:492:38)
    at Promise.then.completed (/Users/ccladysmith/Desktop/dev/l1f3/node_modules/jest-circus/build/utils.js:298:28)
    at new Promise (&lt;anonymous&gt;)
    at callAsyncCircusFn (/Users/ccladysmith/Desktop/dev/l1f3/node_modules/jest-circus/build/utils.js:231:10)
    at _callCircusTest (/Users/ccladysmith/Desktop/dev/l1f3/node_modules/jest-circus/build/run.js:316:40)
    at processTicksAndRejections (node:internal/process/task_queues:105:5)
    at _runTest (/Users/ccladysmith/Desktop/dev/l1f3/node_modules/jest-circus/build/run.js:252:3)
    at _runTestsForDescribeBlock (/Users/ccladysmith/Desktop/dev/l1f3/node_modules/jest-circus/build/run.js:126:9)
    at _runTestsForDescribeBlock (/Users/ccladysmith/Desktop/dev/l1f3/node_modules/jest-circus/build/run.js:121:9)
    at _runTestsForDescribeBlock (/Users/ccladysmith/Desktop/dev/l1f3/node_modules/jest-circus/build/run.js:121:9)
    at run (/Users/ccladysmith/Desktop/dev/l1f3/node_modules/jest-circus/build/run.js:71:3)
    at runAndTransformResultsToJestFormat (/Users/ccladysmith/Desktop/dev/l1f3/node_modules/jest-circus/build/legacy-code-todo-rewrite/jestAdapterInit.js:122:21)
    at jestAdapter (/Users/ccladysmith/Desktop/dev/l1f3/node_modules/jest-circus/build/legacy-code-todo-rewrite/jestAdapter.js:79:19)
    at runTestInternal (/Users/ccladysmith/Desktop/dev/l1f3/node_modules/jest-runner/build/runTest.js:367:16)
    at runTest (/Users/ccladysmith/Desktop/dev/l1f3/node_modules/jest-runner/build/runTest.js:444:34)
    at Object.worker (/Users/ccladysmith/Desktop/dev/l1f3/node_modules/jest-runner/build/testWorker.js:106:12)</failure>
    </testcase>
    <testcase classname="Logging System Validation - LIF3 Dashboard ZAR Currency Operations Logging Log ZAR currency conversion" name="Logging System Validation - LIF3 Dashboard ZAR Currency Operations Logging Log ZAR currency conversion" time="0.002">
    </testcase>
    <testcase classname="Logging System Validation - LIF3 Dashboard ZAR Currency Operations Logging Log foreign currency transaction" name="Logging System Validation - LIF3 Dashboard ZAR Currency Operations Logging Log foreign currency transaction" time="0.003">
    </testcase>
    <testcase classname="Logging System Validation - LIF3 Dashboard Error and Exception Logging Log application errors with context" name="Logging System Validation - LIF3 Dashboard Error and Exception Logging Log application errors with context" time="0.002">
    </testcase>
    <testcase classname="Logging System Validation - LIF3 Dashboard Error and Exception Logging Log financial operation errors" name="Logging System Validation - LIF3 Dashboard Error and Exception Logging Log financial operation errors" time="0.002">
    </testcase>
    <testcase classname="Logging System Validation - LIF3 Dashboard Log File Management Verify log files are created with proper naming" name="Logging System Validation - LIF3 Dashboard Log File Management Verify log files are created with proper naming" time="0.003">
    </testcase>
    <testcase classname="Logging System Validation - LIF3 Dashboard Log File Management Verify log rotation configuration" name="Logging System Validation - LIF3 Dashboard Log File Management Verify log rotation configuration" time="0.001">
    </testcase>
  </testsuite>
</testsuites>